MPASM  5.39                        SOURCE.ASM   9-7-2018  8:48:04         PAGE  1


LOC  OBJECT CODE     LINE SOURCE TEXT
  VALUE

                      00001 ;**************************************************
                      00002 ; HEADER SECTION
                      00003 
Warning[205]: Found directive in column 1. (LIST)
                      00004 LIST P=16F84A
                      00005 #include <p16f84a.inc>
                      00001         LIST
                      00002 
                      00003 ;==========================================================================
                      00004 ;  MPASM PIC16F84A processor include
                      00005 ; 
                      00006 ;  (c) Copyright 1999-2010 Microchip Technology, All rights reserved
                      00007 ;==========================================================================
                      00008 
                      00201         LIST
Warning[205]: Found directive in column 1. (ORG)
                      00006 ORG 0
Warning[203]: Found opcode in column 1. (GOTO)
0000   2???           00007 GOTO START
                      00008         
  00000002            00009 ZEROBIT EQU     2
  0000000C            00010 COUNT   EQU     0CH
                      00011         
                      00012 
                      00013 ;*************************************
Warning[205]: Found directive in column 1. (__CONFIG)
2007   3FF0           00014 __CONFIG H'3FF0'
                      00015 
                      00016 ;SUBROTINE SECTION
                      00017 ;**************************************
                      00018 
0001   0181           00019 delay1  CLRF    TMR0
0002   0801           00020 LOOPA   MOVF    TMR0, W
0003   3C20           00021                 SUBLW   .32
0004   1D03           00022                 BTFSS   STATUS, ZEROBIT
0005   2???           00023                 GOTO    LOOPA
0006   3400           00024                 RETLW   0
                      00025 
0007   0181           00026 delay2  CLRF    TMR0
0008   0801           00027 LOOPB   MOVF    TMR0, W
0009   3C20           00028                 SUBLW   .32
000A   1D03           00029                 BTFSS   STATUS, ZEROBIT
000B   2???           00030                 GOTO    LOOPB
000C   3400           00031                 RETLW   0
                      00032 
                      00033 
                      00034 ;******************************************
                      00035 ; CONFIGURATION
                      00036 
000D   1683           00037 START   BSF     STATUS,5
000E   301F           00038                 MOVLW   B'00011111'
Message[302]: Register in operand not in bank 0.  Ensure that bank bits are correct.
000F   0085           00039                 MOVWF   TRISA
MPASM  5.39                        SOURCE.ASM   9-7-2018  8:48:04         PAGE  2


LOC  OBJECT CODE     LINE SOURCE TEXT
  VALUE

                      00040 
0010   3000           00041                 MOVLW   B'00000000'
Message[302]: Register in operand not in bank 0.  Ensure that bank bits are correct.
0011   0086           00042                 MOVWF   TRISB
                      00043 
0012   3007           00044                 MOVLW   B'00000111'
Message[302]: Register in operand not in bank 0.  Ensure that bank bits are correct.
0013   0081           00045                 MOVWF   OPTION_REG
                      00046 
0014   1283           00047                 BCF     STATUS,5
0015   0185           00048                 CLRF    PORTA
0016   0186           00049                 CLRF    PORTB
                      00050 
                      00051 ;***********************************************
                      00052                 
                      00053 ;start code
0017   1406           00054 BEGIN   BSF             PORTB,0
0018   2???           00055                 CALL    delay1
                      00056                 
0019   1486           00057                 BSF             PORTB,1
001A   2???           00058                 CALL    delay1
                      00059                 
001B   1506           00060                 BSF             PORTB,2
001C   2???           00061                 CALL    delay1
                      00062                 
001D   1586           00063                 BSF             PORTB,3
001E   2???           00064                 CALL    delay1
                      00065                 
001F   1606           00066                 BSF             PORTB,4
0020   2???           00067                 CALL    delay1
                      00068                 
0021   1686           00069                 BSF             PORTB,5
0022   2???           00070                 CALL    delay1
                      00071                 
0023   1706           00072                 BSF             PORTB,6
0024   2???           00073                 CALL    delay1
                      00074                 
0025   1786           00075                 BSF             PORTB,7
0026   2???           00076                 CALL    delay1
                      00077                 
0027   1386           00078                 BCF             PORTB,7
0028   2???           00079                 CALL    delay1
                      00080                 
0029   1306           00081                 BCF             PORTB,6
002A   2???           00082                 CALL    delay1
                      00083                 
002B   1286           00084                 BCF             PORTB,5
002C   2???           00085                 CALL    delay1
                      00086                 
002D   1206           00087                 BCF             PORTB,4
002E   2???           00088                 CALL    delay1
                      00089                 
002F   1186           00090                 BCF             PORTB,3
MPASM  5.39                        SOURCE.ASM   9-7-2018  8:48:04         PAGE  3


LOC  OBJECT CODE     LINE SOURCE TEXT
  VALUE

0030   2???           00091                 CALL    delay1
                      00092                 
0031   1106           00093                 BCF             PORTB,2
0032   2???           00094                 CALL    delay1
                      00095                 
0033   1086           00096                 BCF             PORTB,1
0034   2???           00097                 CALL    delay1
                      00098                 
0035   1006           00099                 BCF             PORTB,0
0036   2???           00100                 call    delay1
                      00101                 
0037   2???           00102                 CALL    delay2
0038   2???           00103                 goto    BEGIN
                      00104                 
                      00105                 
                      00106                 
Warning[205]: Found directive in column 1. (end)
3FF0                  00107 end
MPASM  5.39                        SOURCE.ASM   9-7-2018  8:48:04         PAGE  4


SYMBOL TABLE
  LABEL                             VALUE 

BEGIN                             00000017
C                                 00000000
COUNT                             0000000C
DC                                00000001
EEADR                             00000009
EECON1                            00000088
EECON2                            00000089
EEDATA                            00000008
EEIE                              00000006
EEIF                              00000004
F                                 00000001
FSR                               00000004
GIE                               00000007
INDF                              00000000
INTCON                            0000000B
INTE                              00000004
INTEDG                            00000006
INTF                              00000001
IRP                               00000007
LOOPA                             00000002
LOOPB                             00000008
NOT_PD                            00000003
NOT_RBPU                          00000007
NOT_TO                            00000004
OPTION_REG                        00000081
PCL                               00000002
PCLATH                            0000000A
PORTA                             00000005
PORTB                             00000006
PS0                               00000000
PS1                               00000001
PS2                               00000002
PSA                               00000003
RA0                               00000000
RA1                               00000001
RA2                               00000002
RA3                               00000003
RA4                               00000004
RB0                               00000000
RB1                               00000001
RB2                               00000002
RB3                               00000003
RB4                               00000004
RB5                               00000005
RB6                               00000006
RB7                               00000007
RBIE                              00000003
RBIF                              00000000
RD                                00000000
RP0                               00000005
RP1                               00000006
START                             0000000D
STATUS                            00000003
MPASM  5.39                        SOURCE.ASM   9-7-2018  8:48:04         PAGE  5


SYMBOL TABLE
  LABEL                             VALUE 

T0CS                              00000005
T0IE                              00000005
T0IF                              00000002
T0SE                              00000004
TMR0                              00000001
TMR0IE                            00000005
TMR0IF                            00000002
TRISA                             00000085
TRISA0                            00000000
TRISA1                            00000001
TRISA2                            00000002
TRISA3                            00000003
TRISA4                            00000004
TRISB                             00000086
TRISB0                            00000000
TRISB1                            00000001
TRISB2                            00000002
TRISB3                            00000003
TRISB4                            00000004
TRISB5                            00000005
TRISB6                            00000006
TRISB7                            00000007
W                                 00000000
WR                                00000001
WREN                              00000002
WRERR                             00000003
Z                                 00000002
ZEROBIT                           00000002
_CONFIG                           00002007
_CP_OFF                           00003FFF
_CP_ON                            0000000F
_DEVID1                           00002006
_HS_OSC                           00003FFE
_IDLOC0                           00002000
_IDLOC1                           00002001
_IDLOC2                           00002002
_IDLOC3                           00002003
_LP_OSC                           00003FFC
_PWRTE_OFF                        00003FFF
_PWRTE_ON                         00003FF7
_RC_OSC                           00003FFF
_WDT_OFF                          00003FFB
_WDT_ON                           00003FFF
_XT_OSC                           00003FFD
__16F84A                          00000001
__DEBUG                           1
delay1                            00000001
delay2                            00000007

Errors   :     0
Warnings :     5 reported,     0 suppressed
Messages :     3 reported,     0 suppressed

